<?xml version="1.0" encoding="UTF-8"?>
<!-- Generated by org.testng.reporters.JUnitReportReporter -->
<testsuite hostname="DESKTOP-1SAT413" failures="0" tests="1" name="com.automation.selenium_docker.vendorPortalApp.LoginTest" time="1.830" errors="0" timestamp="2023-12-24T14:58:57 IST" skipped="0">
  <testcase classname="com.automation.selenium_docker.vendorPortalApp.LoginTest" name="loginTest" time="1.830"/>
</testsuite> <!-- com.automation.selenium_docker.vendorPortalApp.LoginTest -->
